<?xml version="1.0" encoding="UTF-8"?>
<!-- Generated by org.testng.reporters.JUnitReportReporter -->
<testsuite hostname="EC2AMAZ-1IC0RHB" failures="0" tests="2" name="api.APITestMethod" time="5.754" errors="0" timestamp="2025-07-16T09:29:09 UTC" skipped="0">
  <testcase classname="api.APITestMethod" name="testGetRequest" time="5.177"/>
  <system-out/>
  <testcase classname="api.APITestMethod" name="testPostRequest" time="0.577"/>
  <system-out/>
</testsuite> <!-- api.APITestMethod -->
